2019-11-18 21:09:28,341 This bot is baaaad
2019-11-18 21:09:28,341 Logging started
2019-11-18 21:09:28,341 Twitch client connection successful
2019-11-18 21:09:38,355 Starting new HTTPS connection (1): api.twitch.tv:443
2019-11-18 21:09:38,612 https://api.twitch.tv:443 "GET /kraken/users?login=odablock,thekraut,amenityrs HTTP/1.1" 200 1178
2019-11-18 21:09:38,631 Starting new HTTPS connection (1): api.twitch.tv:443
2019-11-18 21:09:38,856 https://api.twitch.tv:443 "GET /kraken/streams/177730578?stream_type=live HTTP/1.1" 200 766
2019-11-18 21:09:38,868 Starting new HTTPS connection (1): api.twitch.tv:443
2019-11-18 21:09:39,250 https://api.twitch.tv:443 "GET /kraken/streams/161093547?stream_type=live HTTP/1.1" 200 15
2019-11-18 21:09:39,261 Starting new HTTPS connection (1): api.twitch.tv:443
2019-11-18 21:09:39,483 https://api.twitch.tv:443 "GET /kraken/streams/92688726?stream_type=live HTTP/1.1" 200 713
2019-11-18 21:09:39,490 dict odablock
2019-11-18 21:09:39,491 dict odablock
2019-11-18 21:09:39,491 dict id
2019-11-18 21:09:39,491 id : 36243083632
2019-11-18 21:09:39,491 dict game
2019-11-18 21:09:39,491 game
2019-11-18 21:09:39,491 dict broadcast_platform
2019-11-18 21:09:39,492 broadcast_platform
2019-11-18 21:09:39,492 dict community_id
2019-11-18 21:09:39,492 community_id
2019-11-18 21:09:39,492 dict community_ids
2019-11-18 21:09:39,492 community_ids
2019-11-18 21:09:39,492 dict viewers
2019-11-18 21:09:39,492 viewers : 3196
2019-11-18 21:09:39,493 dict video_height
2019-11-18 21:09:39,493 video_height
2019-11-18 21:09:39,493 dict average_fps
2019-11-18 21:09:39,493 average_fps
2019-11-18 21:09:39,493 dict delay
2019-11-18 21:09:39,493 delay
2019-11-18 21:09:39,493 dict created_at
2019-11-18 21:09:39,493 created_at
2019-11-18 21:09:39,494 dict is_playlist
2019-11-18 21:09:39,494 is_playlist
2019-11-18 21:09:39,494 dict stream_type
2019-11-18 21:09:39,494 stream_type : live
2019-11-18 21:09:39,494 dict preview
2019-11-18 21:09:39,494 dict preview
2019-11-18 21:09:39,495 dict small
2019-11-18 21:09:39,495 small
2019-11-18 21:09:39,495 dict medium
2019-11-18 21:09:39,495 medium
2019-11-18 21:09:39,495 dict large
2019-11-18 21:09:39,495 large
2019-11-18 21:09:39,495 dict template
2019-11-18 21:09:39,496 template
2019-11-18 21:09:39,496 dict channel
2019-11-18 21:09:39,496 dict channel
2019-11-18 21:09:39,496 dict mature
2019-11-18 21:09:39,496 mature
2019-11-18 21:09:39,496 dict status
2019-11-18 21:09:39,496 status
2019-11-18 21:09:39,496 dict broadcaster_language
2019-11-18 21:09:39,496 broadcaster_language
2019-11-18 21:09:39,496 dict broadcaster_software
2019-11-18 21:09:39,497 broadcaster_software
2019-11-18 21:09:39,497 dict display_name
2019-11-18 21:09:39,497 display_name
2019-11-18 21:09:39,497 dict game
2019-11-18 21:09:39,497 game
2019-11-18 21:09:39,497 dict language
2019-11-18 21:09:39,497 language
2019-11-18 21:09:39,497 dict id
2019-11-18 21:09:39,497 id : 177730578
2019-11-18 21:09:39,498 dict name
2019-11-18 21:09:39,498 name : odablock
2019-11-18 21:09:39,498 dict created_at
2019-11-18 21:09:39,498 created_at
2019-11-18 21:09:39,498 dict updated_at
2019-11-18 21:09:39,498 updated_at
2019-11-18 21:09:39,498 dict partner
2019-11-18 21:09:39,498 partner
2019-11-18 21:09:39,498 dict logo
2019-11-18 21:09:39,499 logo
2019-11-18 21:09:39,499 dict video_banner
2019-11-18 21:09:39,499 video_banner
2019-11-18 21:09:39,499 dict profile_banner
2019-11-18 21:09:39,499 profile_banner
2019-11-18 21:09:39,499 dict profile_banner_background_color
2019-11-18 21:09:39,499 profile_banner_background_color
2019-11-18 21:09:39,499 dict url
2019-11-18 21:09:39,500 url
2019-11-18 21:09:39,500 dict views
2019-11-18 21:09:39,500 views
2019-11-18 21:09:39,500 dict followers
2019-11-18 21:09:39,500 followers
2019-11-18 21:09:39,500 dict broadcaster_type
2019-11-18 21:09:39,501 broadcaster_type
2019-11-18 21:09:39,501 dict description
2019-11-18 21:09:39,501 description
2019-11-18 21:09:39,501 dict private_video
2019-11-18 21:09:39,501 private_video
2019-11-18 21:09:39,501 dict privacy_options_enabled
2019-11-18 21:09:39,501 privacy_options_enabled
2019-11-18 21:09:39,501 dict thekraut
2019-11-18 21:09:39,501 thekraut
2019-11-18 21:09:39,502 dict amenityrs
2019-11-18 21:09:39,502 dict amenityrs
2019-11-18 21:09:39,502 dict id
2019-11-18 21:09:39,502 id : 36244328288
2019-11-18 21:09:39,502 dict game
2019-11-18 21:09:39,502 game
2019-11-18 21:09:39,502 dict broadcast_platform
2019-11-18 21:09:39,502 broadcast_platform
2019-11-18 21:09:39,503 dict community_id
2019-11-18 21:09:39,503 community_id
2019-11-18 21:09:39,503 dict community_ids
2019-11-18 21:09:39,503 community_ids
2019-11-18 21:09:39,503 dict viewers
2019-11-18 21:09:39,503 viewers : 322
2019-11-18 21:09:39,503 dict video_height
2019-11-18 21:09:39,503 video_height
2019-11-18 21:09:39,503 dict average_fps
2019-11-18 21:09:39,503 average_fps
2019-11-18 21:09:39,504 dict delay
2019-11-18 21:09:39,504 delay
2019-11-18 21:09:39,504 dict created_at
2019-11-18 21:09:39,504 created_at
2019-11-18 21:09:39,504 dict is_playlist
2019-11-18 21:09:39,504 is_playlist
2019-11-18 21:09:39,504 dict stream_type
2019-11-18 21:09:39,504 stream_type : live
2019-11-18 21:09:39,504 dict preview
2019-11-18 21:09:39,505 dict preview
2019-11-18 21:09:39,505 dict small
2019-11-18 21:09:39,505 small
2019-11-18 21:09:39,505 dict medium
2019-11-18 21:09:39,505 medium
2019-11-18 21:09:39,505 dict large
2019-11-18 21:09:39,505 large
2019-11-18 21:09:39,505 dict template
2019-11-18 21:09:39,505 template
2019-11-18 21:09:39,506 dict channel
2019-11-18 21:09:39,506 dict channel
2019-11-18 21:09:39,506 dict mature
2019-11-18 21:09:39,506 mature
2019-11-18 21:09:39,506 dict status
2019-11-18 21:09:39,506 status
2019-11-18 21:09:39,506 dict broadcaster_language
2019-11-18 21:09:39,506 broadcaster_language
2019-11-18 21:09:39,507 dict broadcaster_software
2019-11-18 21:09:39,507 broadcaster_software
2019-11-18 21:09:39,507 dict display_name
2019-11-18 21:09:39,507 display_name
2019-11-18 21:09:39,507 dict game
2019-11-18 21:09:39,507 game
2019-11-18 21:09:39,507 dict language
2019-11-18 21:09:39,507 language
2019-11-18 21:09:39,507 dict id
2019-11-18 21:09:39,507 id : 92688726
2019-11-18 21:09:39,508 dict name
2019-11-18 21:09:39,508 name : amenityrs
2019-11-18 21:09:39,508 dict created_at
2019-11-18 21:09:39,508 created_at
2019-11-18 21:09:39,508 dict updated_at
2019-11-18 21:09:39,508 updated_at
2019-11-18 21:09:39,508 dict partner
2019-11-18 21:09:39,508 partner
2019-11-18 21:09:39,508 dict logo
2019-11-18 21:09:39,508 logo
2019-11-18 21:09:39,508 dict video_banner
2019-11-18 21:09:39,508 video_banner
2019-11-18 21:09:39,508 dict profile_banner
2019-11-18 21:09:39,508 profile_banner
2019-11-18 21:09:39,508 dict profile_banner_background_color
2019-11-18 21:09:39,508 profile_banner_background_color
2019-11-18 21:09:39,509 dict url
2019-11-18 21:09:39,509 url
2019-11-18 21:09:39,509 dict views
2019-11-18 21:09:39,509 views
2019-11-18 21:09:39,509 dict followers
2019-11-18 21:09:39,509 followers
2019-11-18 21:09:39,509 dict broadcaster_type
2019-11-18 21:09:39,509 broadcaster_type
2019-11-18 21:09:39,509 dict description
2019-11-18 21:09:39,509 description
2019-11-18 21:09:39,509 dict private_video
2019-11-18 21:09:39,509 private_video
2019-11-18 21:09:39,509 dict privacy_options_enabled
2019-11-18 21:09:39,509 privacy_options_enabled
