2019-11-18 22:18:02,044 This bot is baaaad
2019-11-18 22:18:02,044 Logging started
2019-11-18 22:18:02,044 Twitch client connection successful
2019-11-18 22:18:02,046 Starting new HTTPS connection (1): api.twitch.tv:443
2019-11-18 22:18:02,280 https://api.twitch.tv:443 "GET /kraken/users?login=odablock,thekraut,amenityrs HTTP/1.1" 200 1178
2019-11-18 22:18:02,293 Starting new HTTPS connection (1): api.twitch.tv:443
2019-11-18 22:18:02,540 https://api.twitch.tv:443 "GET /kraken/streams/177730578?stream_type=live HTTP/1.1" 200 15
2019-11-18 22:18:02,547 Starting new HTTPS connection (1): api.twitch.tv:443
2019-11-18 22:18:02,812 https://api.twitch.tv:443 "GET /kraken/streams/161093547?stream_type=live HTTP/1.1" 200 15
2019-11-18 22:18:02,819 Starting new HTTPS connection (1): api.twitch.tv:443
2019-11-18 22:18:03,012 https://api.twitch.tv:443 "GET /kraken/streams/92688726?stream_type=live HTTP/1.1" 200 715
2019-11-18 22:18:03,015 odablock is not live
2019-11-18 22:18:03,015 thekraut is not live
2019-11-18 22:18:03,015 dict odablock
2019-11-18 22:18:03,015 odablock
2019-11-18 22:18:03,016 dict thekraut
2019-11-18 22:18:03,016 thekraut
2019-11-18 22:18:03,016 dict amenityrs
2019-11-18 22:18:03,016 dict amenityrs
2019-11-18 22:18:03,016 dict id
2019-11-18 22:18:03,016 id : 36244328288
2019-11-18 22:18:03,016 dict game
2019-11-18 22:18:03,016 game
2019-11-18 22:18:03,016 dict broadcast_platform
2019-11-18 22:18:03,016 broadcast_platform
2019-11-18 22:18:03,016 dict community_id
2019-11-18 22:18:03,016 community_id
2019-11-18 22:18:03,016 dict community_ids
2019-11-18 22:18:03,016 community_ids
2019-11-18 22:18:03,016 dict viewers
2019-11-18 22:18:03,017 viewers : 1391
2019-11-18 22:18:03,017 dict video_height
2019-11-18 22:18:03,017 video_height
2019-11-18 22:18:03,017 dict average_fps
2019-11-18 22:18:03,017 average_fps
2019-11-18 22:18:03,017 dict delay
2019-11-18 22:18:03,017 delay
2019-11-18 22:18:03,017 dict created_at
2019-11-18 22:18:03,017 created_at
2019-11-18 22:18:03,017 dict is_playlist
2019-11-18 22:18:03,017 is_playlist
2019-11-18 22:18:03,017 dict stream_type
2019-11-18 22:18:03,017 stream_type : live
2019-11-18 22:18:03,017 dict preview
2019-11-18 22:18:03,017 dict preview
2019-11-18 22:18:03,017 dict small
2019-11-18 22:18:03,017 small
2019-11-18 22:18:03,018 dict medium
2019-11-18 22:18:03,018 medium
2019-11-18 22:18:03,018 dict large
2019-11-18 22:18:03,018 large
2019-11-18 22:18:03,018 dict template
2019-11-18 22:18:03,018 template
2019-11-18 22:18:03,018 dict channel
2019-11-18 22:18:03,018 dict channel
2019-11-18 22:18:03,018 dict mature
2019-11-18 22:18:03,018 mature
2019-11-18 22:18:03,018 dict status
2019-11-18 22:18:03,018 status
2019-11-18 22:18:03,018 dict broadcaster_language
2019-11-18 22:18:03,018 broadcaster_language
2019-11-18 22:18:03,018 dict broadcaster_software
2019-11-18 22:18:03,018 broadcaster_software
2019-11-18 22:18:03,018 dict display_name
2019-11-18 22:18:03,018 display_name
2019-11-18 22:18:03,019 dict game
2019-11-18 22:18:03,019 game
2019-11-18 22:18:03,019 dict language
2019-11-18 22:18:03,019 language
2019-11-18 22:18:03,019 dict id
2019-11-18 22:18:03,019 id : 92688726
2019-11-18 22:18:03,019 dict name
2019-11-18 22:18:03,019 name : amenityrs
2019-11-18 22:18:03,019 dict created_at
2019-11-18 22:18:03,019 created_at
2019-11-18 22:18:03,019 dict updated_at
2019-11-18 22:18:03,019 updated_at
2019-11-18 22:18:03,019 dict partner
2019-11-18 22:18:03,019 partner
2019-11-18 22:18:03,019 dict logo
2019-11-18 22:18:03,019 logo
2019-11-18 22:18:03,019 dict video_banner
2019-11-18 22:18:03,019 video_banner
2019-11-18 22:18:03,020 dict profile_banner
2019-11-18 22:18:03,020 profile_banner
2019-11-18 22:18:03,020 dict profile_banner_background_color
2019-11-18 22:18:03,020 profile_banner_background_color
2019-11-18 22:18:03,020 dict url
2019-11-18 22:18:03,020 url
2019-11-18 22:18:03,020 dict views
2019-11-18 22:18:03,020 views
2019-11-18 22:18:03,020 dict followers
2019-11-18 22:18:03,020 followers
2019-11-18 22:18:03,020 dict broadcaster_type
2019-11-18 22:18:03,020 broadcaster_type
2019-11-18 22:18:03,020 dict description
2019-11-18 22:18:03,020 description
2019-11-18 22:18:03,020 dict private_video
2019-11-18 22:18:03,020 private_video
2019-11-18 22:18:03,020 dict privacy_options_enabled
2019-11-18 22:18:03,020 privacy_options_enabled
